#
# There is insufficient memory for the Java Runtime Environment to continue.
# Native memory allocation (mmap) failed to map 131076096 bytes for committing reserved memory.
# Possible reasons:
#   The system is out of physical RAM or swap space
#   In 32 bit mode, the process size limit was hit
# Possible solutions:
#   Reduce memory load on the system
#   Increase physical memory or swap space
#   Check if swap backing store is full
#   Use 64 bit Java on a 64 bit OS
#   Decrease Java heap size (-Xmx/-Xms)
#   Decrease number of Java threads
#   Decrease Java thread stack sizes (-Xss)
#   Set larger code cache with -XX:ReservedCodeCacheSize=
# This output file may be truncated or incomplete.
#
#  Out of Memory Error (os_linux.cpp:2627), pid=15214, tid=0x00007faf3971d700
#
# JRE version: Java(TM) SE Runtime Environment (8.0_101-b13) (build 1.8.0_101-b13)
# Java VM: Java HotSpot(TM) 64-Bit Server VM (25.101-b13 mixed mode linux-amd64 compressed oops)
# Failed to write core dump. Core dumps have been disabled. To enable core dumping, try "ulimit -c unlimited" before starting Java again
#

---------------  T H R E A D  ---------------

Current thread (0x00007faf34096800):  VMThread [stack: 0x00007faf3961d000,0x00007faf3971e000] [id=15216]

Stack: [0x00007faf3961d000,0x00007faf3971e000],  sp=0x00007faf3971c350,  free space=1020k
Native frames: (J=compiled Java code, j=interpreted, Vv=VM code, C=native code)
V  [libjvm.so+0xac3f0a]  VMError::report_and_die()+0x2ba
V  [libjvm.so+0x4fbf9b]  report_vm_out_of_memory(char const*, int, unsigned long, VMErrorType, char const*)+0x8b
V  [libjvm.so+0x9222d3]  os::Linux::commit_memory_impl(char*, unsigned long, bool)+0x103
V  [libjvm.so+0x922829]  os::pd_commit_memory(char*, unsigned long, unsigned long, bool)+0x29
V  [libjvm.so+0x91cb2a]  os::commit_memory(char*, unsigned long, unsigned long, bool)+0x2a
V  [libjvm.so+0xabfc69]  VirtualSpace::expand_by(unsigned long, bool)+0x199
V  [libjvm.so+0x5f8865]  OneContigSpaceCardGeneration::grow_by(unsigned long)+0x25
V  [libjvm.so+0x5f8c2f]  CardGeneration::expand(unsigned long, unsigned long)+0x6f
V  [libjvm.so+0x5f8cde]  OneContigSpaceCardGeneration::expand(unsigned long, unsigned long)+0x3e
V  [libjvm.so+0x5f89b8]  OneContigSpaceCardGeneration::expand_and_allocate(unsigned long, bool, bool)+0xc8
V  [libjvm.so+0x486384]  GenCollectorPolicy::expand_heap_and_allocate(unsigned long, bool)+0xc4
V  [libjvm.so+0x487032]  GenCollectorPolicy::satisfy_failed_allocation(unsigned long, bool)+0x162
V  [libjvm.so+0xac4f14]  VM_GenCollectForAllocation::doit()+0x94
V  [libjvm.so+0xacd405]  VM_Operation::evaluate()+0x55
V  [libjvm.so+0xacb7da]  VMThread::evaluate_operation(VM_Operation*)+0xba
V  [libjvm.so+0xacbb5e]  VMThread::loop()+0x1ce
V  [libjvm.so+0xacbfd0]  VMThread::run()+0x70
V  [libjvm.so+0x924698]  java_start(Thread*)+0x108

VM_Operation (0x00007faf3da0a6b0): GenCollectForAllocation, mode: safepoint, requested by thread 0x00007faf3400b000


---------------  P R O C E S S  ---------------

Java Threads: ( => current thread )
  0x00007faf3418e000 JavaThread "process reaper" daemon [_thread_in_native, id=15240, stack(0x00007faf386f6000,0x00007faf3872f000)]
  0x00007faf3414e800 JavaThread "Service Thread" daemon [_thread_blocked, id=15236, stack(0x00007faf38830000,0x00007faf38931000)]
  0x00007faf3413f800 JavaThread "C1 CompilerThread1" daemon [_thread_blocked, id=15234, stack(0x00007faf38931000,0x00007faf38a32000)]
  0x00007faf3413d800 JavaThread "C2 CompilerThread0" daemon [_thread_blocked, id=15232, stack(0x00007faf38f4a000,0x00007faf3904b000)]
  0x00007faf34139800 JavaThread "Monitor Ctrl-Break" daemon [_thread_in_native, id=15229, stack(0x00007faf3904b000,0x00007faf3914c000)]
  0x00007faf340d6000 JavaThread "Signal Dispatcher" daemon [_thread_blocked, id=15225, stack(0x00007faf39191000,0x00007faf39292000)]
  0x00007faf340a3000 JavaThread "Finalizer" daemon [_thread_blocked, id=15218, stack(0x00007faf3941b000,0x00007faf3951c000)]
  0x00007faf3409e800 JavaThread "Reference Handler" daemon [_thread_blocked, id=15217, stack(0x00007faf3951c000,0x00007faf3961d000)]
  0x00007faf3400b000 JavaThread "main" [_thread_blocked, id=15215, stack(0x00007faf3d90b000,0x00007faf3da0c000)]

Other Threads:
=>0x00007faf34096800 VMThread [stack: 0x00007faf3961d000,0x00007faf3971e000] [id=15216]
  0x00007faf34151800 WatcherThread [stack: 0x00007faf3872f000,0x00007faf38830000] [id=15238]

VM state:at safepoint (normal execution)

VM Mutex/Monitor currently owned by a thread:  ([mutex/lock_event])
[0x00007faf34007630] Threads_lock - owner thread: 0x00007faf34096800
[0x00007faf34007b30] Heap_lock - owner thread: 0x00007faf3400b000

Heap:
 def new generation   total 64768K, used 0K [0x00000000bb400000, 0x00000000bfa40000, 0x00000000d22a0000)
  eden space 57600K,   0% used [0x00000000bb400000, 0x00000000bb400000, 0x00000000bec40000)
  from space 7168K,   0% used [0x00000000bec40000, 0x00000000bec40000, 0x00000000bf340000)
  to   space 7168K,   0% used [0x00000000bf340000, 0x00000000bf340000, 0x00000000bfa40000)
 tenured generation   total 143816K, used 64677K [0x00000000d22a0000, 0x00000000daf12000, 0x0000000100000000)
   the space 143816K,  44% used [0x00000000d22a0000, 0x00000000d61c9550, 0x00000000d61c9600, 0x00000000daf12000)
 Metaspace       used 4323K, capacity 4756K, committed 4992K, reserved 1056768K
  class space    used 488K, capacity 542K, committed 640K, reserved 1048576K

Card table byte_map: [0x00007faf3a2b5000,0x00007faf3a4dc000] byte_map_base: 0x00007faf39cdb000

Polling page: 0x00007faf3da29000

CodeCache: size=245760Kb used=1963Kb max_used=1974Kb free=243796Kb
 bounds [0x00007faf25000000, 0x00007faf25270000, 0x00007faf34000000]
 total_blobs=597 nmethods=325 adapters=187
 compilation: enabled

Compilation events (10 events):
Event: 12.797 Thread 0x00007faf3413f800  321       3       java.io.BufferedInputStream::read1 (108 bytes)
Event: 12.797 Thread 0x00007faf3413f800 nmethod 321 0x00007faf251e9550 code [0x00007faf251e9760, 0x00007faf251ea008]
Event: 12.800 Thread 0x00007faf3413f800  322   !   3       sun.nio.cs.StreamDecoder::inReady (36 bytes)
Event: 12.800 Thread 0x00007faf3413f800 nmethod 322 0x00007faf251d7f90 code [0x00007faf251d8120, 0x00007faf251d8560]
Event: 12.846 Thread 0x00007faf3413d800  323       4       java.lang.AbstractStringBuilder::append (40 bytes)
Event: 12.850 Thread 0x00007faf3413d800 nmethod 323 0x00007faf251ed3d0 code [0x00007faf251ed540, 0x00007faf251ed918]
Event: 13.102 Thread 0x00007faf3413d800  324       4       java.nio.Buffer::limit (62 bytes)
Event: 13.103 Thread 0x00007faf3413d800 nmethod 324 0x00007faf251edb90 code [0x00007faf251edce0, 0x00007faf251eddd8]
Event: 13.104 Thread 0x00007faf3413d800  325   !   4       java.nio.charset.CharsetDecoder::decode (287 bytes)
Event: 13.107 Thread 0x00007faf3413d800 nmethod 325 0x00007faf251eded0 code [0x00007faf251ee060, 0x00007faf251ee2c8]

GC Heap History (10 events):
Event: 12.887 GC heap before
{Heap before GC invocations=10 (full 1):
 def new generation   total 21568K, used 19200K [0x00000000bb400000, 0x00000000bcb60000, 0x00000000d22a0000)
  eden space 19200K, 100% used [0x00000000bb400000, 0x00000000bc6c0000, 0x00000000bc6c0000)
  from space 2368K,   0% used [0x00000000bc6c0000, 0x00000000bc6c0118, 0x00000000bc910000)
  to   space 2368K,   0% used [0x00000000bc910000, 0x00000000bc910000, 0x00000000bcb60000)
 tenured generation   total 79812K, used 48676K [0x00000000d22a0000, 0x00000000d7091000, 0x0000000100000000)
   the space 79812K,  60% used [0x00000000d22a0000, 0x00000000d5229258, 0x00000000d5229400, 0x00000000d7091000)
 Metaspace       used 4323K, capacity 4756K, committed 4992K, reserved 1056768K
  class space    used 488K, capacity 542K, committed 640K, reserved 1048576K
Event: 12.887 GC heap after
Heap after GC invocations=11 (full 1):
 def new generation   total 21568K, used 0K [0x00000000bb400000, 0x00000000bcb60000, 0x00000000d22a0000)
  eden space 19200K,   0% used [0x00000000bb400000, 0x00000000bb400000, 0x00000000bc6c0000)
  from space 2368K,   0% used [0x00000000bc910000, 0x00000000bc910048, 0x00000000bcb60000)
  to   space 2368K,   0% used [0x00000000bc6c0000, 0x00000000bc6c0000, 0x00000000bc910000)
 tenured generation   total 79812K, used 48676K [0x00000000d22a0000, 0x00000000d7091000, 0x0000000100000000)
   the space 79812K,  60% used [0x00000000d22a0000, 0x00000000d5229258, 0x00000000d5229400, 0x00000000d7091000)
 Metaspace       used 4323K, capacity 4756K, committed 4992K, reserved 1056768K
  class space    used 488K, capacity 542K, committed 640K, reserved 1048576K
}
Event: 12.907 GC heap before
{Heap before GC invocations=11 (full 1):
 def new generation   total 21568K, used 4222K [0x00000000bb400000, 0x00000000bcb60000, 0x00000000d22a0000)
  eden space 19200K,  21% used [0x00000000bb400000, 0x00000000bb81f938, 0x00000000bc6c0000)
  from space 2368K,   0% used [0x00000000bc910000, 0x00000000bc910048, 0x00000000bcb60000)
  to   space 2368K,   0% used [0x00000000bc6c0000, 0x00000000bc6c0000, 0x00000000bc910000)
 tenured generation   total 79812K, used 48676K [0x00000000d22a0000, 0x00000000d7091000, 0x0000000100000000)
   the space 79812K,  60% used [0x00000000d22a0000, 0x00000000d5229258, 0x00000000d5229400, 0x00000000d7091000)
 Metaspace       used 4323K, capacity 4756K, committed 4992K, reserved 1056768K
  class space    used 488K, capacity 542K, committed 640K, reserved 1048576K
Event: 12.923 GC heap after
Heap after GC invocations=12 (full 2):
 def new generation   total 35968K, used 0K [0x00000000bb400000, 0x00000000bdb00000, 0x00000000d22a0000)
  eden space 32000K,   0% used [0x00000000bb400000, 0x00000000bb400000, 0x00000000bd340000)
  from space 3968K,   0% used [0x00000000bd340000, 0x00000000bd340000, 0x00000000bd720000)
  to   space 3968K,   0% used [0x00000000bd720000, 0x00000000bd720000, 0x00000000bdb00000)
 tenured generation   total 79812K, used 32676K [0x00000000d22a0000, 0x00000000d7091000, 0x0000000100000000)
   the space 79812K,  40% used [0x00000000d22a0000, 0x00000000d4289268, 0x00000000d4289400, 0x00000000d7091000)
 Metaspace       used 4323K, capacity 4756K, committed 4992K, reserved 1056768K
  class space    used 488K, capacity 542K, committed 640K, reserved 1048576K
}
Event: 13.322 GC heap before
{Heap before GC invocations=12 (full 2):
 def new generation   total 35968K, used 32000K [0x00000000bb400000, 0x00000000bdb00000, 0x00000000d22a0000)
  eden space 32000K, 100% used [0x00000000bb400000, 0x00000000bd340000, 0x00000000bd340000)
  from space 3968K,   0% used [0x00000000bd340000, 0x00000000bd340000, 0x00000000bd720000)
  to   space 3968K,   0% used [0x00000000bd720000, 0x00000000bd720000, 0x00000000bdb00000)
 tenured generation   total 143816K, used 96676K [0x00000000d22a0000, 0x00000000daf12000, 0x0000000100000000)
   the space 143816K,  67% used [0x00000000d22a0000, 0x00000000d8109278, 0x00000000d8109400, 0x00000000daf12000)
 Metaspace       used 4323K, capacity 4756K, committed 4992K, reserved 1056768K
  class space    used 488K, capacity 542K, committed 640K, reserved 1048576K
Event: 13.323 GC heap after
Heap after GC invocations=13 (full 2):
 def new generation   total 35968K, used 0K [0x00000000bb400000, 0x00000000bdb00000, 0x00000000d22a0000)
  eden space 32000K,   0% used [0x00000000bb400000, 0x00000000bb400000, 0x00000000bd340000)
  from space 3968K,   0% used [0x00000000bd720000, 0x00000000bd720300, 0x00000000bdb00000)
  to   space 3968K,   0% used [0x00000000bd340000, 0x00000000bd340000, 0x00000000bd720000)
 tenured generation   total 143816K, used 96676K [0x00000000d22a0000, 0x00000000daf12000, 0x0000000100000000)
   the space 143816K,  67% used [0x00000000d22a0000, 0x00000000d8109278, 0x00000000d8109400, 0x00000000daf12000)
 Metaspace       used 4323K, capacity 4756K, committed 4992K, reserved 1056768K
  class space    used 488K, capacity 542K, committed 640K, reserved 1048576K
}
Event: 13.577 GC heap before
{Heap before GC invocations=13 (full 2):
 def new generation   total 35968K, used 32000K [0x00000000bb400000, 0x00000000bdb00000, 0x00000000d22a0000)
  eden space 32000K, 100% used [0x00000000bb400000, 0x00000000bd340000, 0x00000000bd340000)
  from space 3968K,   0% used [0x00000000bd720000, 0x00000000bd720300, 0x00000000bdb00000)
  to   space 3968K,   0% used [0x00000000bd340000, 0x00000000bd340000, 0x00000000bd720000)
 tenured generation   total 143816K, used 96676K [0x00000000d22a0000, 0x00000000daf12000, 0x0000000100000000)
   the space 143816K,  67% used [0x00000000d22a0000, 0x00000000d8109278, 0x00000000d8109400, 0x00000000daf12000)
 Metaspace       used 4323K, capacity 4756K, committed 4992K, reserved 1056768K
  class space    used 488K, capacity 542K, committed 640K, reserved 1048576K
Event: 13.577 GC heap after
Heap after GC invocations=14 (full 2):
 def new generation   total 35968K, used 0K [0x00000000bb400000, 0x00000000bdb00000, 0x00000000d22a0000)
  eden space 32000K,   0% used [0x00000000bb400000, 0x00000000bb400000, 0x00000000bd340000)
  from space 3968K,   0% used [0x00000000bd340000, 0x00000000bd340318, 0x00000000bd720000)
  to   space 3968K,   0% used [0x00000000bd720000, 0x00000000bd720000, 0x00000000bdb00000)
 tenured generation   total 143816K, used 96676K [0x00000000d22a0000, 0x00000000daf12000, 0x0000000100000000)
   the space 143816K,  67% used [0x00000000d22a0000, 0x00000000d8109278, 0x00000000d8109400, 0x00000000daf12000)
 Metaspace       used 4323K, capacity 4756K, committed 4992K, reserved 1056768K
  class space    used 488K, capacity 542K, committed 640K, reserved 1048576K
}
Event: 13.737 GC heap before
{Heap before GC invocations=14 (full 2):
 def new generation   total 35968K, used 14717K [0x00000000bb400000, 0x00000000bdb00000, 0x00000000d22a0000)
  eden space 32000K,  45% used [0x00000000bb400000, 0x00000000bc25f4a8, 0x00000000bd340000)
  from space 3968K,   0% used [0x00000000bd340000, 0x00000000bd340318, 0x00000000bd720000)
  to   space 3968K,   0% used [0x00000000bd720000, 0x00000000bd720000, 0x00000000bdb00000)
 tenured generation   total 143816K, used 96676K [0x00000000d22a0000, 0x00000000daf12000, 0x0000000100000000)
   the space 143816K,  67% used [0x00000000d22a0000, 0x00000000d8109278, 0x00000000d8109400, 0x00000000daf12000)
 Metaspace       used 4323K, capacity 4756K, committed 4992K, reserved 1056768K
  class space    used 488K, capacity 542K, committed 640K, reserved 1048576K
Event: 13.754 GC heap after
Heap after GC invocations=15 (full 3):
 def new generation   total 64768K, used 0K [0x00000000bb400000, 0x00000000bfa40000, 0x00000000d22a0000)
  eden space 57600K,   0% used [0x00000000bb400000, 0x00000000bb400000, 0x00000000bec40000)
  from space 7168K,   0% used [0x00000000bec40000, 0x00000000bec40000, 0x00000000bf340000)
  to   space 7168K,   0% used [0x00000000bf340000, 0x00000000bf340000, 0x00000000bfa40000)
 tenured generation   total 143816K, used 64677K [0x00000000d22a0000, 0x00000000daf12000, 0x0000000100000000)
   the space 143816K,  44% used [0x00000000d22a0000, 0x00000000d61c9550, 0x00000000d61c9600, 0x00000000daf12000)
 Metaspace       used 4323K, capacity 4756K, committed 4992K, reserved 1056768K
  class space    used 488K, capacity 542K, committed 640K, reserved 1048576K
}

Deoptimization events (1 events):
Event: 12.515 Thread 0x00007faf3400b000 Uncommon trap: reason=unstable_if action=reinterpret pc=0x00007faf251ae2b8 method=sun.nio.cs.UTF_8$Decoder.decodeArrayLoop(Ljava/nio/ByteBuffer;Ljava/nio/CharBuffer;)Ljava/nio/charset/CoderResult; @ 184

Internal exceptions (4 events):
Event: 0.089 Thread 0x00007faf3400b000 Exception <a 'java/lang/NoSuchMethodError': Method sun.misc.Unsafe.defineClass(Ljava/lang/String;[BII)Ljava/lang/Class; name or signature does not match> (0x00000000bb407cc0) thrown at [/HUDSON3/workspace/8-2-build-linux-amd64/jdk8u101/7261/hotspot/src/sh
Event: 0.089 Thread 0x00007faf3400b000 Exception <a 'java/lang/NoSuchMethodError': Method sun.misc.Unsafe.prefetchRead(Ljava/lang/Object;J)V name or signature does not match> (0x00000000bb407fa8) thrown at [/HUDSON3/workspace/8-2-build-linux-amd64/jdk8u101/7261/hotspot/src/share/vm/prims/jni.c
Event: 0.608 Thread 0x00007faf3400b000 Exception <a 'java/lang/NoSuchFieldError': method resolution failed> (0x00000000bb6f82d0) thrown at [/HUDSON3/workspace/8-2-build-linux-amd64/jdk8u101/7261/hotspot/src/share/vm/prims/methodHandles.cpp, line 1146]
Event: 0.609 Thread 0x00007faf3400b000 Exception <a 'java/lang/NoSuchFieldError': method resolution failed> (0x00000000bb706178) thrown at [/HUDSON3/workspace/8-2-build-linux-amd64/jdk8u101/7261/hotspot/src/share/vm/prims/methodHandles.cpp, line 1146]

Events (10 events):
Event: 12.774 Executing VM operation: GenCollectForAllocation done
Event: 12.887 Executing VM operation: GenCollectForAllocation
Event: 12.887 Executing VM operation: GenCollectForAllocation done
Event: 12.907 Executing VM operation: GenCollectForAllocation
Event: 12.924 Executing VM operation: GenCollectForAllocation done
Event: 13.322 Executing VM operation: GenCollectForAllocation
Event: 13.323 Executing VM operation: GenCollectForAllocation done
Event: 13.577 Executing VM operation: GenCollectForAllocation
Event: 13.577 Executing VM operation: GenCollectForAllocation done
Event: 13.737 Executing VM operation: GenCollectForAllocation


Dynamic libraries:
00400000-00401000 r-xp 00000000 08:02 4720284                            /opt/java/jdk1.8.0_101/bin/java
00600000-00601000 rw-p 00000000 08:02 4720284                            /opt/java/jdk1.8.0_101/bin/java
00f35000-00f56000 rw-p 00000000 00:00 0                                  [heap]
bb400000-bfa40000 rw-p 00000000 00:00 0 
bfa40000-d22a0000 ---p 00000000 00:00 0 
d22a0000-daf12000 rw-p 00000000 00:00 0 
e2c13000-100000000 ---p 00000000 00:00 0 
100000000-1000a0000 rw-p 00000000 00:00 0 
1000a0000-140000000 ---p 00000000 00:00 0 
7faf08000000-7faf081c3000 rw-p 00000000 00:00 0 
7faf081c3000-7faf0c000000 ---p 00000000 00:00 0 
7faf0c000000-7faf0c2a7000 rw-p 00000000 00:00 0 
7faf0c2a7000-7faf10000000 ---p 00000000 00:00 0 
7faf10000000-7faf10021000 rw-p 00000000 00:00 0 
7faf10021000-7faf14000000 ---p 00000000 00:00 0 
7faf14000000-7faf14021000 rw-p 00000000 00:00 0 
7faf14021000-7faf18000000 ---p 00000000 00:00 0 
7faf18000000-7faf18021000 rw-p 00000000 00:00 0 
7faf18021000-7faf1c000000 ---p 00000000 00:00 0 
7faf1c000000-7faf1c021000 rw-p 00000000 00:00 0 
7faf1c021000-7faf20000000 ---p 00000000 00:00 0 
7faf20000000-7faf20021000 rw-p 00000000 00:00 0 
7faf20021000-7faf24000000 ---p 00000000 00:00 0 
7faf25000000-7faf25270000 rwxp 00000000 00:00 0 
7faf25270000-7faf34000000 ---p 00000000 00:00 0 
7faf34000000-7faf34198000 rw-p 00000000 00:00 0 
7faf34198000-7faf38000000 ---p 00000000 00:00 0 
7faf3846f000-7faf386f6000 rw-p 00000000 00:00 0 
7faf386f6000-7faf386f9000 ---p 00000000 00:00 0 
7faf386f9000-7faf3872f000 rw-p 00000000 00:00 0                          [stack:15240]
7faf3872f000-7faf38730000 ---p 00000000 00:00 0 
7faf38730000-7faf38830000 rw-p 00000000 00:00 0                          [stack:15238]
7faf38830000-7faf38833000 ---p 00000000 00:00 0 
7faf38833000-7faf38931000 rw-p 00000000 00:00 0                          [stack:15236]
7faf38931000-7faf38934000 ---p 00000000 00:00 0 
7faf38934000-7faf38d33000 rw-p 00000000 00:00 0                          [stack:15234]
7faf38d33000-7faf38d49000 r-xp 00000000 08:02 4720131                    /opt/java/jdk1.8.0_101/jre/lib/amd64/libnet.so
7faf38d49000-7faf38f49000 ---p 00016000 08:02 4720131                    /opt/java/jdk1.8.0_101/jre/lib/amd64/libnet.so
7faf38f49000-7faf38f4a000 rw-p 00016000 08:02 4720131                    /opt/java/jdk1.8.0_101/jre/lib/amd64/libnet.so
7faf38f4a000-7faf38f4d000 ---p 00000000 00:00 0 
7faf38f4d000-7faf3904b000 rw-p 00000000 00:00 0                          [stack:15232]
7faf3904b000-7faf3904e000 ---p 00000000 00:00 0 
7faf3904e000-7faf3914c000 rw-p 00000000 00:00 0                          [stack:15229]
7faf3914c000-7faf3915f000 r--s 00345000 08:02 4720165                    /opt/java/jdk1.8.0_101/jre/lib/resources.jar
7faf3915f000-7faf39172000 r--s 000d6000 08:02 4719997                    /opt/java/jdk1.8.0_101/jre/lib/plugin.jar
7faf39172000-7faf39176000 r--s 00097000 08:02 4719941                    /opt/java/jdk1.8.0_101/jre/lib/jsse.jar
7faf39176000-7faf39191000 r--s 00208000 08:02 4719876                    /opt/java/jdk1.8.0_101/jre/lib/deploy.jar
7faf39191000-7faf39194000 ---p 00000000 00:00 0 
7faf39194000-7faf39292000 rw-p 00000000 00:00 0                          [stack:15225]
7faf39292000-7faf3941b000 r--p 00000000 08:02 7343928                    /usr/lib/locale/locale-archive
7faf3941b000-7faf3941e000 ---p 00000000 00:00 0 
7faf3941e000-7faf3951c000 rw-p 00000000 00:00 0                          [stack:15218]
7faf3951c000-7faf3951f000 ---p 00000000 00:00 0 
7faf3951f000-7faf3961d000 rw-p 00000000 00:00 0                          [stack:15217]
7faf3961d000-7faf3961e000 ---p 00000000 00:00 0 
7faf3961e000-7faf3976d000 rw-p 00000000 00:00 0                          [stack:15216]
7faf3976d000-7faf39946000 r--s 03d29000 08:02 4719933                    /opt/java/jdk1.8.0_101/jre/lib/rt.jar
7faf39946000-7faf39d86000 rw-p 00000000 00:00 0 
7faf39d86000-7faf3a146000 ---p 00000000 00:00 0 
7faf3a146000-7faf3a18d000 rw-p 00000000 00:00 0 
7faf3a18d000-7faf3a2b5000 ---p 00000000 00:00 0 
7faf3a2b5000-7faf3a2d9000 rw-p 00000000 00:00 0 
7faf3a2d9000-7faf3a36c000 ---p 00000000 00:00 0 
7faf3a36c000-7faf3a3b3000 rw-p 00000000 00:00 0 
7faf3a3b3000-7faf3a4db000 ---p 00000000 00:00 0 
7faf3a4db000-7faf3a4e6000 rw-p 00000000 00:00 0 
7faf3a4e6000-7faf3a89c000 ---p 00000000 00:00 0 
7faf3a89c000-7faf3a8b6000 r-xp 00000000 08:02 4720120                    /opt/java/jdk1.8.0_101/jre/lib/amd64/libzip.so
7faf3a8b6000-7faf3aab6000 ---p 0001a000 08:02 4720120                    /opt/java/jdk1.8.0_101/jre/lib/amd64/libzip.so
7faf3aab6000-7faf3aab7000 rw-p 0001a000 08:02 4720120                    /opt/java/jdk1.8.0_101/jre/lib/amd64/libzip.so
7faf3aab7000-7faf3aac2000 r-xp 00000000 08:02 1703962                    /lib/x86_64-linux-gnu/libnss_files-2.19.so
7faf3aac2000-7faf3acc1000 ---p 0000b000 08:02 1703962                    /lib/x86_64-linux-gnu/libnss_files-2.19.so
7faf3acc1000-7faf3acc2000 r--p 0000a000 08:02 1703962                    /lib/x86_64-linux-gnu/libnss_files-2.19.so
7faf3acc2000-7faf3acc3000 rw-p 0000b000 08:02 1703962                    /lib/x86_64-linux-gnu/libnss_files-2.19.so
7faf3acc3000-7faf3accd000 r-xp 00000000 08:02 1703964                    /lib/x86_64-linux-gnu/libnss_nis-2.19.so
7faf3accd000-7faf3aecc000 ---p 0000a000 08:02 1703964                    /lib/x86_64-linux-gnu/libnss_nis-2.19.so
7faf3aecc000-7faf3aecd000 r--p 00009000 08:02 1703964                    /lib/x86_64-linux-gnu/libnss_nis-2.19.so
7faf3aecd000-7faf3aece000 rw-p 0000a000 08:02 1703964                    /lib/x86_64-linux-gnu/libnss_nis-2.19.so
7faf3aece000-7faf3aee3000 r-xp 00000000 08:02 1703956                    /lib/x86_64-linux-gnu/libnsl-2.19.so
7faf3aee3000-7faf3b0e2000 ---p 00015000 08:02 1703956                    /lib/x86_64-linux-gnu/libnsl-2.19.so
7faf3b0e2000-7faf3b0e3000 r--p 00014000 08:02 1703956                    /lib/x86_64-linux-gnu/libnsl-2.19.so
7faf3b0e3000-7faf3b0e4000 rw-p 00015000 08:02 1703956                    /lib/x86_64-linux-gnu/libnsl-2.19.so
7faf3b0e4000-7faf3b0e6000 rw-p 00000000 00:00 0 
7faf3b0e6000-7faf3b0ed000 r-xp 00000000 08:02 1703958                    /lib/x86_64-linux-gnu/libnss_compat-2.19.so
7faf3b0ed000-7faf3b2ec000 ---p 00007000 08:02 1703958                    /lib/x86_64-linux-gnu/libnss_compat-2.19.so
7faf3b2ec000-7faf3b2ed000 r--p 00006000 08:02 1703958                    /lib/x86_64-linux-gnu/libnss_compat-2.19.so
7faf3b2ed000-7faf3b2ee000 rw-p 00007000 08:02 1703958                    /lib/x86_64-linux-gnu/libnss_compat-2.19.so
7faf3b2ee000-7faf3b2f8000 r-xp 00000000 08:02 4720129                    /opt/java/jdk1.8.0_101/jre/lib/amd64/libinstrument.so
7faf3b2f8000-7faf3b4f7000 ---p 0000a000 08:02 4720129                    /opt/java/jdk1.8.0_101/jre/lib/amd64/libinstrument.so
7faf3b4f7000-7faf3b4f8000 rw-p 00009000 08:02 4720129                    /opt/java/jdk1.8.0_101/jre/lib/amd64/libinstrument.so
7faf3b4f8000-7faf3b522000 r-xp 00000000 08:02 4720104                    /opt/java/jdk1.8.0_101/jre/lib/amd64/libjava.so
7faf3b522000-7faf3b722000 ---p 0002a000 08:02 4720104                    /opt/java/jdk1.8.0_101/jre/lib/amd64/libjava.so
7faf3b722000-7faf3b724000 rw-p 0002a000 08:02 4720104                    /opt/java/jdk1.8.0_101/jre/lib/amd64/libjava.so
7faf3b724000-7faf3b731000 r-xp 00000000 08:02 4720118                    /opt/java/jdk1.8.0_101/jre/lib/amd64/libverify.so
7faf3b731000-7faf3b931000 ---p 0000d000 08:02 4720118                    /opt/java/jdk1.8.0_101/jre/lib/amd64/libverify.so
7faf3b931000-7faf3b933000 rw-p 0000d000 08:02 4720118                    /opt/java/jdk1.8.0_101/jre/lib/amd64/libverify.so
7faf3b933000-7faf3b93a000 r-xp 00000000 08:02 1703968                    /lib/x86_64-linux-gnu/librt-2.19.so
7faf3b93a000-7faf3bb39000 ---p 00007000 08:02 1703968                    /lib/x86_64-linux-gnu/librt-2.19.so
7faf3bb39000-7faf3bb3a000 r--p 00006000 08:02 1703968                    /lib/x86_64-linux-gnu/librt-2.19.so
7faf3bb3a000-7faf3bb3b000 rw-p 00007000 08:02 1703968                    /lib/x86_64-linux-gnu/librt-2.19.so
7faf3bb3b000-7faf3bc3b000 r-xp 00000000 08:02 1703953                    /lib/x86_64-linux-gnu/libm-2.19.so
7faf3bc3b000-7faf3be3a000 ---p 00100000 08:02 1703953                    /lib/x86_64-linux-gnu/libm-2.19.so
7faf3be3a000-7faf3be3b000 r--p 000ff000 08:02 1703953                    /lib/x86_64-linux-gnu/libm-2.19.so
7faf3be3b000-7faf3be3c000 rw-p 00100000 08:02 1703953                    /lib/x86_64-linux-gnu/libm-2.19.so
7faf3be3c000-7faf3cb07000 r-xp 00000000 08:02 4720154                    /opt/java/jdk1.8.0_101/jre/lib/amd64/server/libjvm.so
7faf3cb07000-7faf3cd06000 ---p 00ccb000 08:02 4720154                    /opt/java/jdk1.8.0_101/jre/lib/amd64/server/libjvm.so
7faf3cd06000-7faf3cddf000 rw-p 00cca000 08:02 4720154                    /opt/java/jdk1.8.0_101/jre/lib/amd64/server/libjvm.so
7faf3cddf000-7faf3ce2a000 rw-p 00000000 00:00 0 
7faf3ce2a000-7faf3cfcb000 r-xp 00000000 08:02 1703947                    /lib/x86_64-linux-gnu/libc-2.19.so
7faf3cfcb000-7faf3d1cb000 ---p 001a1000 08:02 1703947                    /lib/x86_64-linux-gnu/libc-2.19.so
7faf3d1cb000-7faf3d1cf000 r--p 001a1000 08:02 1703947                    /lib/x86_64-linux-gnu/libc-2.19.so
7faf3d1cf000-7faf3d1d1000 rw-p 001a5000 08:02 1703947                    /lib/x86_64-linux-gnu/libc-2.19.so
7faf3d1d1000-7faf3d1d5000 rw-p 00000000 00:00 0 
7faf3d1d5000-7faf3d1d8000 r-xp 00000000 08:02 1703952                    /lib/x86_64-linux-gnu/libdl-2.19.so
7faf3d1d8000-7faf3d3d7000 ---p 00003000 08:02 1703952                    /lib/x86_64-linux-gnu/libdl-2.19.so
7faf3d3d7000-7faf3d3d8000 r--p 00002000 08:02 1703952                    /lib/x86_64-linux-gnu/libdl-2.19.so
7faf3d3d8000-7faf3d3d9000 rw-p 00003000 08:02 1703952                    /lib/x86_64-linux-gnu/libdl-2.19.so
7faf3d3d9000-7faf3d3ee000 r-xp 00000000 08:02 4719297                    /opt/java/jdk1.8.0_101/lib/amd64/jli/libjli.so
7faf3d3ee000-7faf3d5ee000 ---p 00015000 08:02 4719297                    /opt/java/jdk1.8.0_101/lib/amd64/jli/libjli.so
7faf3d5ee000-7faf3d5ef000 rw-p 00015000 08:02 4719297                    /opt/java/jdk1.8.0_101/lib/amd64/jli/libjli.so
7faf3d5ef000-7faf3d607000 r-xp 00000000 08:02 1703943                    /lib/x86_64-linux-gnu/libpthread-2.19.so
7faf3d607000-7faf3d806000 ---p 00018000 08:02 1703943                    /lib/x86_64-linux-gnu/libpthread-2.19.so
7faf3d806000-7faf3d807000 r--p 00017000 08:02 1703943                    /lib/x86_64-linux-gnu/libpthread-2.19.so
7faf3d807000-7faf3d808000 rw-p 00018000 08:02 1703943                    /lib/x86_64-linux-gnu/libpthread-2.19.so
7faf3d808000-7faf3d80c000 rw-p 00000000 00:00 0 
7faf3d80c000-7faf3d82d000 r-xp 00000000 08:02 1703944                    /lib/x86_64-linux-gnu/ld-2.19.so
7faf3d82d000-7faf3d82e000 rw-p 00000000 00:00 0 
7faf3d82e000-7faf3d830000 r--s 0001a000 08:02 1845133                    /home/ba/idea-IC-172.4343.14/lib/idea_rt.jar
7faf3d830000-7faf3d832000 r--s 00007000 08:02 4720253                    /opt/java/jdk1.8.0_101/jre/lib/jfxswt.jar
7faf3d832000-7faf3d837000 r--s 00084000 08:02 4720191                    /opt/java/jdk1.8.0_101/jre/lib/jfr.jar
7faf3d837000-7faf3d83a000 r--s 0001a000 08:02 4719940                    /opt/java/jdk1.8.0_101/jre/lib/jce.jar
7faf3d83a000-7faf3d90b000 rw-p 00000000 00:00 0 
7faf3d90b000-7faf3d90e000 ---p 00000000 00:00 0 
7faf3d90e000-7faf3da10000 rw-p 00000000 00:00 0                          [stack:15215]
7faf3da10000-7faf3da11000 r--s 00000000 08:02 4720178                    /opt/java/jdk1.8.0_101/jre/lib/management-agent.jar
7faf3da11000-7faf3da1b000 r--s 0006c000 08:02 4720166                    /opt/java/jdk1.8.0_101/jre/lib/javaws.jar
7faf3da1b000-7faf3da20000 r--s 002f9000 08:02 4719939                    /opt/java/jdk1.8.0_101/jre/lib/charsets.jar
7faf3da20000-7faf3da28000 rw-s 00000000 08:02 3933046                    /tmp/hsperfdata_ba/15214
7faf3da28000-7faf3da29000 rw-p 00000000 00:00 0 
7faf3da29000-7faf3da2a000 ---p 00000000 00:00 0 
7faf3da2a000-7faf3da2c000 rw-p 00000000 00:00 0 
7faf3da2c000-7faf3da2d000 r--p 00020000 08:02 1703944                    /lib/x86_64-linux-gnu/ld-2.19.so
7faf3da2d000-7faf3da2e000 rw-p 00021000 08:02 1703944                    /lib/x86_64-linux-gnu/ld-2.19.so
7faf3da2e000-7faf3da2f000 rw-p 00000000 00:00 0 
7ffeabd01000-7ffeabd23000 rw-p 00000000 00:00 0                          [stack]
7ffeabd40000-7ffeabd42000 r-xp 00000000 00:00 0                          [vdso]
7ffeabd42000-7ffeabd44000 r--p 00000000 00:00 0                          [vvar]
ffffffffff600000-ffffffffff601000 r-xp 00000000 00:00 0                  [vsyscall]

VM Arguments:
jvm_args: -javaagent:/home/ba/idea-IC-172.4343.14/lib/idea_rt.jar=56778:/home/ba/idea-IC-172.4343.14/bin -Dfile.encoding=UTF-8 
java_command: com.FileComparator.FileComparator
java_class_path (initial): /opt/java/jdk1.8.0_101/jre/lib/charsets.jar:/opt/java/jdk1.8.0_101/jre/lib/deploy.jar:/opt/java/jdk1.8.0_101/jre/lib/ext/cldrdata.jar:/opt/java/jdk1.8.0_101/jre/lib/ext/dnsns.jar:/opt/java/jdk1.8.0_101/jre/lib/ext/jaccess.jar:/opt/java/jdk1.8.0_101/jre/lib/ext/jfxrt.jar:/opt/java/jdk1.8.0_101/jre/lib/ext/localedata.jar:/opt/java/jdk1.8.0_101/jre/lib/ext/nashorn.jar:/opt/java/jdk1.8.0_101/jre/lib/ext/sunec.jar:/opt/java/jdk1.8.0_101/jre/lib/ext/sunjce_provider.jar:/opt/java/jdk1.8.0_101/jre/lib/ext/sunpkcs11.jar:/opt/java/jdk1.8.0_101/jre/lib/ext/zipfs.jar:/opt/java/jdk1.8.0_101/jre/lib/javaws.jar:/opt/java/jdk1.8.0_101/jre/lib/jce.jar:/opt/java/jdk1.8.0_101/jre/lib/jfr.jar:/opt/java/jdk1.8.0_101/jre/lib/jfxswt.jar:/opt/java/jdk1.8.0_101/jre/lib/jsse.jar:/opt/java/jdk1.8.0_101/jre/lib/management-agent.jar:/opt/java/jdk1.8.0_101/jre/lib/plugin.jar:/opt/java/jdk1.8.0_101/jre/lib/resources.jar:/opt/java/jdk1.8.0_101/jre/lib/rt.jar:/home/ba/IdeaProjects/FileComparator/out/production/FileComparator:/home/ba/idea-IC-172.4343.14/lib/idea_rt.jar
Launcher Type: SUN_STANDARD

Environment Variables:
JAVA_HOME=/opt/java/jdk1.8.0_101
JRE_HOME=/opt/java/jdk1.8.0_101/jre
PATH=/home/ba/.rbenv/plugins/ruby-build/bin:/home/ba/.rbenv/shims:/home/ba/.rbenv/bin:/opt/java/jdk1.8.0_101/bin:/usr/local/bin:/usr/bin:/bin:/usr/local/games:/usr/games
USERNAME=ba
LD_LIBRARY_PATH=/home/ba/idea-IC-172.4343.14/bin:
SHELL=/bin/bash
DISPLAY=:0

Signal Handlers:
SIGSEGV: [libjvm.so+0xac4790], sa_mask[0]=11111111011111111101111111111110, sa_flags=SA_RESTART|SA_SIGINFO
SIGBUS: [libjvm.so+0xac4790], sa_mask[0]=11111111011111111101111111111110, sa_flags=SA_RESTART|SA_SIGINFO
SIGFPE: [libjvm.so+0x91f140], sa_mask[0]=11111111011111111101111111111110, sa_flags=SA_RESTART|SA_SIGINFO
SIGPIPE: [libjvm.so+0x91f140], sa_mask[0]=11111111011111111101111111111110, sa_flags=SA_RESTART|SA_SIGINFO
SIGXFSZ: [libjvm.so+0x91f140], sa_mask[0]=11111111011111111101111111111110, sa_flags=SA_RESTART|SA_SIGINFO
SIGILL: [libjvm.so+0x91f140], sa_mask[0]=11111111011111111101111111111110, sa_flags=SA_RESTART|SA_SIGINFO
SIGUSR1: SIG_DFL, sa_mask[0]=00000000000000000000000000000000, sa_flags=none
SIGUSR2: [libjvm.so+0x920770], sa_mask[0]=00100000000000000000000000000000, sa_flags=SA_RESTART|SA_SIGINFO
SIGHUP: [libjvm.so+0x921b70], sa_mask[0]=11111111011111111101111111111110, sa_flags=SA_RESTART|SA_SIGINFO
SIGINT: [libjvm.so+0x921b70], sa_mask[0]=11111111011111111101111111111110, sa_flags=SA_RESTART|SA_SIGINFO
SIGTERM: [libjvm.so+0x921b70], sa_mask[0]=11111111011111111101111111111110, sa_flags=SA_RESTART|SA_SIGINFO
SIGQUIT: [libjvm.so+0x921b70], sa_mask[0]=11111111011111111101111111111110, sa_flags=SA_RESTART|SA_SIGINFO


---------------  S Y S T E M  ---------------

OS:PRETTY_NAME="Debian GNU/Linux 8 (jessie)"
NAME="Debian GNU/Linux"
VERSION_ID="8"
VERSION="8 (jessie)"
ID=debian
HOME_URL="http://www.debian.org/"
SUPPORT_URL="http://www.debian.org/support"
BUG_REPORT_URL="https://bugs.debian.org/"

uname:Linux 3.16.0-4-amd64 #1 SMP Debian 3.16.43-2+deb8u2 (2017-06-26) x86_64
libc:glibc 2.19 NPTL 2.19 
rlimit: STACK 8192k, CORE 0k, NPROC 15762, NOFILE 65536, AS infinity
load average:2.18 1.45 1.24

/proc/meminfo:
MemTotal:        4504804 kB
MemFree:          156640 kB
MemAvailable:     111660 kB
Buffers:             492 kB
Cached:            68312 kB
SwapCached:         1300 kB
Active:          1937768 kB
Inactive:         425664 kB
Active(anon):    1908668 kB
Inactive(anon):   394736 kB
Active(file):      29100 kB
Inactive(file):    30928 kB
Unevictable:           0 kB
Mlocked:               0 kB
SwapTotal:          8188 kB
SwapFree:              0 kB
Dirty:               252 kB
Writeback:             0 kB
AnonPages:       2293800 kB
Mapped:            25608 kB
Shmem:              8644 kB
Slab:              42632 kB
SReclaimable:      18944 kB
SUnreclaim:        23688 kB
KernelStack:        9360 kB
PageTables:        28916 kB
NFS_Unstable:          0 kB
Bounce:                0 kB
WritebackTmp:          0 kB
CommitLimit:     2260588 kB
Committed_AS:    5466724 kB
VmallocTotal:   34359738367 kB
VmallocUsed:       42288 kB
VmallocChunk:   34359693812 kB
HardwareCorrupted:     0 kB
AnonHugePages:         0 kB
HugePages_Total:       0
HugePages_Free:        0
HugePages_Rsvd:        0
HugePages_Surp:        0
Hugepagesize:       2048 kB
DirectMap4k:       59328 kB
DirectMap2M:     8067072 kB


CPU:total 1 (1 cores per cpu, 1 threads per core) family 6 model 94 stepping 3, cmov, cx8, fxsr, mmx, sse, sse2, sse3, ssse3, sse4.1, sse4.2, popcnt, avx, avx2, aes, clmul, erms, rtm, 3dnowpref, lzcnt, tsc, bmi1, bmi2, adx

/proc/cpuinfo:
processor	: 0
vendor_id	: GenuineIntel
cpu family	: 6
model		: 94
model name	: Intel(R) Core(TM) i5-6600 CPU @ 3.30GHz
stepping	: 3
microcode	: 0xffffffff
cpu MHz		: 3311.979
cache size	: 6144 KB
physical id	: 0
siblings	: 1
core id		: 0
cpu cores	: 1
apicid		: 0
initial apicid	: 0
fpu		: yes
fpu_exception	: yes
cpuid level	: 21
wp		: yes
flags		: fpu vme de pse tsc msr pae mce cx8 apic sep mtrr pge mca cmov pat pse36 clflush mmx fxsr sse sse2 ss syscall nx lm constant_tsc rep_good nopl eagerfpu pni pclmulqdq ssse3 fma cx16 sse4_1 sse4_2 movbe popcnt aes xsave avx f16c rdrand hypervisor lahf_lm abm 3dnowprefetch xsaveopt fsgsbase bmi1 hle avx2 smep bmi2 erms rtm rdseed adx smap
bogomips	: 6623.95
clflush size	: 64
cache_alignment	: 64
address sizes	: 39 bits physical, 48 bits virtual
power management:



Memory: 4k page, physical 4504804k(156640k free), swap 8188k(0k free)

vm_info: Java HotSpot(TM) 64-Bit Server VM (25.101-b13) for linux-amd64 JRE (1.8.0_101-b13), built on Jun 22 2016 02:59:44 by "java_re" with gcc 4.3.0 20080428 (Red Hat 4.3.0-8)

time: Tue Dec 26 15:09:28 2017
elapsed time: 14 seconds (0d 0h 0m 14s)

