#
# There is insufficient memory for the Java Runtime Environment to continue.
# Native memory allocation (mmap) failed to map 249307136 bytes for committing reserved memory.
# Possible reasons:
#   The system is out of physical RAM or swap space
#   In 32 bit mode, the process size limit was hit
# Possible solutions:
#   Reduce memory load on the system
#   Increase physical memory or swap space
#   Check if swap backing store is full
#   Use 64 bit Java on a 64 bit OS
#   Decrease Java heap size (-Xmx/-Xms)
#   Decrease number of Java threads
#   Decrease Java thread stack sizes (-Xss)
#   Set larger code cache with -XX:ReservedCodeCacheSize=
# This output file may be truncated or incomplete.
#
#  Out of Memory Error (os_linux.cpp:2627), pid=14323, tid=0x00007fa6d1918700
#
# JRE version: Java(TM) SE Runtime Environment (8.0_101-b13) (build 1.8.0_101-b13)
# Java VM: Java HotSpot(TM) 64-Bit Server VM (25.101-b13 mixed mode linux-amd64 compressed oops)
# Failed to write core dump. Core dumps have been disabled. To enable core dumping, try "ulimit -c unlimited" before starting Java again
#

---------------  T H R E A D  ---------------

Current thread (0x00007fa6cc096800):  VMThread [stack: 0x00007fa6d1818000,0x00007fa6d1919000] [id=14326]

Stack: [0x00007fa6d1818000,0x00007fa6d1919000],  sp=0x00007fa6d1917290,  free space=1020k
Native frames: (J=compiled Java code, j=interpreted, Vv=VM code, C=native code)
V  [libjvm.so+0xac3f0a]  VMError::report_and_die()+0x2ba
V  [libjvm.so+0x4fbf9b]  report_vm_out_of_memory(char const*, int, unsigned long, VMErrorType, char const*)+0x8b
V  [libjvm.so+0x9222d3]  os::Linux::commit_memory_impl(char*, unsigned long, bool)+0x103
V  [libjvm.so+0x922829]  os::pd_commit_memory(char*, unsigned long, unsigned long, bool)+0x29
V  [libjvm.so+0x91cb2a]  os::commit_memory(char*, unsigned long, unsigned long, bool)+0x2a
V  [libjvm.so+0xabfc69]  VirtualSpace::expand_by(unsigned long, bool)+0x199
V  [libjvm.so+0x5f8865]  OneContigSpaceCardGeneration::grow_by(unsigned long)+0x25
V  [libjvm.so+0x5f8c2f]  CardGeneration::expand(unsigned long, unsigned long)+0x6f
V  [libjvm.so+0x5f8cde]  OneContigSpaceCardGeneration::expand(unsigned long, unsigned long)+0x3e
V  [libjvm.so+0x5e9f84]  GenCollectedHeap::do_collection(bool, bool, unsigned long, bool, int)+0x734
V  [libjvm.so+0x487004]  GenCollectorPolicy::satisfy_failed_allocation(unsigned long, bool)+0x134
V  [libjvm.so+0xac4f14]  VM_GenCollectForAllocation::doit()+0x94
V  [libjvm.so+0xacd405]  VM_Operation::evaluate()+0x55
V  [libjvm.so+0xacb7da]  VMThread::evaluate_operation(VM_Operation*)+0xba
V  [libjvm.so+0xacbb5e]  VMThread::loop()+0x1ce
V  [libjvm.so+0xacbfd0]  VMThread::run()+0x70
V  [libjvm.so+0x924698]  java_start(Thread*)+0x108

VM_Operation (0x00007fa6d5c051c0): GenCollectForAllocation, mode: safepoint, requested by thread 0x00007fa6cc00b000


---------------  P R O C E S S  ---------------

Java Threads: ( => current thread )
  0x00007fa6cc19b800 JavaThread "process reaper" daemon [_thread_blocked, id=14345, stack(0x00007fa6d08f1000,0x00007fa6d092a000)]
  0x00007fa6cc144800 JavaThread "Service Thread" daemon [_thread_blocked, id=14342, stack(0x00007fa6d0f43000,0x00007fa6d1044000)]
  0x00007fa6cc13f800 JavaThread "C1 CompilerThread1" daemon [_thread_blocked, id=14341, stack(0x00007fa6d1044000,0x00007fa6d1145000)]
  0x00007fa6cc13d800 JavaThread "C2 CompilerThread0" daemon [_thread_blocked, id=14340, stack(0x00007fa6d1145000,0x00007fa6d1246000)]
  0x00007fa6cc139800 JavaThread "Monitor Ctrl-Break" daemon [_thread_in_native, id=14339, stack(0x00007fa6d1246000,0x00007fa6d1347000)]
  0x00007fa6cc0d6000 JavaThread "Signal Dispatcher" daemon [_thread_blocked, id=14334, stack(0x00007fa6d138c000,0x00007fa6d148d000)]
  0x00007fa6cc0a3000 JavaThread "Finalizer" daemon [_thread_blocked, id=14332, stack(0x00007fa6d1616000,0x00007fa6d1717000)]
  0x00007fa6cc09e800 JavaThread "Reference Handler" daemon [_thread_blocked, id=14328, stack(0x00007fa6d1717000,0x00007fa6d1818000)]
  0x00007fa6cc00b000 JavaThread "main" [_thread_blocked, id=14324, stack(0x00007fa6d5b06000,0x00007fa6d5c07000)]

Other Threads:
=>0x00007fa6cc096800 VMThread [stack: 0x00007fa6d1818000,0x00007fa6d1919000] [id=14326]
  0x00007fa6cc149800 WatcherThread [stack: 0x00007fa6d092a000,0x00007fa6d0a2b000] [id=14343]

VM state:at safepoint (normal execution)

VM Mutex/Monitor currently owned by a thread:  ([mutex/lock_event])
[0x00007fa6cc007630] Threads_lock - owner thread: 0x00007fa6cc096800
[0x00007fa6cc007b30] Heap_lock - owner thread: 0x00007fa6cc00b000

Heap:
 def new generation   total 122368K, used 0K [0x00000000bb400000, 0x00000000c38c0000, 0x00000000d22a0000)
  eden space 108800K,   0% used [0x00000000bb400000, 0x00000000bb400000, 0x00000000c1e40000)
  from space 13568K,   0% used [0x00000000c2b80000, 0x00000000c2b80000, 0x00000000c38c0000)
  to   space 13568K,   0% used [0x00000000c1e40000, 0x00000000c1e40000, 0x00000000c2b80000)
 tenured generation   total 366832K, used 366175K [0x00000000d22a0000, 0x00000000e88dc000, 0x0000000100000000)
   the space 366832K,  99% used [0x00000000d22a0000, 0x00000000e8837cd8, 0x00000000e8837e00, 0x00000000e88dc000)
 Metaspace       used 4327K, capacity 4756K, committed 4992K, reserved 1056768K
  class space    used 488K, capacity 542K, committed 640K, reserved 1048576K

Card table byte_map: [0x00007fa6d24b0000,0x00007fa6d26d7000] byte_map_base: 0x00007fa6d1ed6000

Polling page: 0x00007fa6d5c24000

CodeCache: size=245760Kb used=2011Kb max_used=2023Kb free=243748Kb
 bounds [0x00007fa6bd000000, 0x00007fa6bd270000, 0x00007fa6cc000000]
 total_blobs=603 nmethods=331 adapters=187
 compilation: enabled

Compilation events (10 events):
Event: 10.290 Thread 0x00007fa6cc13d800  327       4       java.nio.HeapByteBuffer::compact (52 bytes)
Event: 10.299 Thread 0x00007fa6cc13d800 nmethod 327 0x00007fa6bd1f4510 code [0x00007fa6bd1f4680, 0x00007fa6bd1f4898]
Event: 10.342 Thread 0x00007fa6cc13d800  328       4       java.io.InputStreamReader::read (11 bytes)
Event: 10.390 Thread 0x00007fa6cc13d800 nmethod 328 0x00007fa6bd1f85d0 code [0x00007fa6bd1f8800, 0x00007fa6bd1f9708]
Event: 10.390 Thread 0x00007fa6cc13d800  329   !   4       sun.nio.cs.StreamDecoder::inReady (36 bytes)
Event: 10.394 Thread 0x00007fa6cc13d800 nmethod 329 0x00007fa6bd1f3d90 code [0x00007fa6bd1f3f00, 0x00007fa6bd1f4308]
Event: 10.726 Thread 0x00007fa6cc13d800  330 %     4       sun.nio.cs.UTF_8$Encoder::encode @ 54 (359 bytes)
Event: 10.741 Thread 0x00007fa6cc13d800 nmethod 330% 0x00007fa6bd1ef2d0 code [0x00007fa6bd1ef460, 0x00007fa6bd1ef9e8]
Event: 10.742 Thread 0x00007fa6cc13d800  331       4       sun.nio.cs.UTF_8$Encoder::encode (359 bytes)
Event: 10.751 Thread 0x00007fa6cc13d800 nmethod 331 0x00007fa6bd1f1010 code [0x00007fa6bd1f1180, 0x00007fa6bd1f1748]

GC Heap History (10 events):
Event: 9.871 GC heap after
Heap after GC invocations=12 (full 2):
 def new generation   total 35968K, used 0K [0x00000000bb400000, 0x00000000bdb00000, 0x00000000d22a0000)
  eden space 32000K,   0% used [0x00000000bb400000, 0x00000000bb400000, 0x00000000bd340000)
  from space 3968K,   0% used [0x00000000bd720000, 0x00000000bd7203d0, 0x00000000bdb00000)
  to   space 3968K,   0% used [0x00000000bd340000, 0x00000000bd340000, 0x00000000bd720000)
 tenured generation   total 143816K, used 96676K [0x00000000d22a0000, 0x00000000daf12000, 0x0000000100000000)
   the space 143816K,  67% used [0x00000000d22a0000, 0x00000000d8109278, 0x00000000d8109400, 0x00000000daf12000)
 Metaspace       used 4327K, capacity 4756K, committed 4992K, reserved 1056768K
  class space    used 488K, capacity 542K, committed 640K, reserved 1048576K
}
Event: 10.033 GC heap before
{Heap before GC invocations=12 (full 2):
 def new generation   total 35968K, used 32000K [0x00000000bb400000, 0x00000000bdb00000, 0x00000000d22a0000)
  eden space 32000K, 100% used [0x00000000bb400000, 0x00000000bd340000, 0x00000000bd340000)
  from space 3968K,   0% used [0x00000000bd720000, 0x00000000bd7203d0, 0x00000000bdb00000)
  to   space 3968K,   0% used [0x00000000bd340000, 0x00000000bd340000, 0x00000000bd720000)
 tenured generation   total 143816K, used 96676K [0x00000000d22a0000, 0x00000000daf12000, 0x0000000100000000)
   the space 143816K,  67% used [0x00000000d22a0000, 0x00000000d8109278, 0x00000000d8109400, 0x00000000daf12000)
 Metaspace       used 4327K, capacity 4756K, committed 4992K, reserved 1056768K
  class space    used 488K, capacity 542K, committed 640K, reserved 1048576K
Event: 10.033 GC heap after
Heap after GC invocations=13 (full 2):
 def new generation   total 35968K, used 0K [0x00000000bb400000, 0x00000000bdb00000, 0x00000000d22a0000)
  eden space 32000K,   0% used [0x00000000bb400000, 0x00000000bb400000, 0x00000000bd340000)
  from space 3968K,   0% used [0x00000000bd340000, 0x00000000bd340318, 0x00000000bd720000)
  to   space 3968K,   0% used [0x00000000bd720000, 0x00000000bd720000, 0x00000000bdb00000)
 tenured generation   total 143816K, used 96676K [0x00000000d22a0000, 0x00000000daf12000, 0x0000000100000000)
   the space 143816K,  67% used [0x00000000d22a0000, 0x00000000d8109278, 0x00000000d8109400, 0x00000000daf12000)
 Metaspace       used 4327K, capacity 4756K, committed 4992K, reserved 1056768K
  class space    used 488K, capacity 542K, committed 640K, reserved 1048576K
}
Event: 10.111 GC heap before
{Heap before GC invocations=13 (full 2):
 def new generation   total 35968K, used 15304K [0x00000000bb400000, 0x00000000bdb00000, 0x00000000d22a0000)
  eden space 32000K,  47% used [0x00000000bb400000, 0x00000000bc2f1e28, 0x00000000bd340000)
  from space 3968K,   0% used [0x00000000bd340000, 0x00000000bd340318, 0x00000000bd720000)
  to   space 3968K,   0% used [0x00000000bd720000, 0x00000000bd720000, 0x00000000bdb00000)
 tenured generation   total 143816K, used 96676K [0x00000000d22a0000, 0x00000000daf12000, 0x0000000100000000)
   the space 143816K,  67% used [0x00000000d22a0000, 0x00000000d8109278, 0x00000000d8109400, 0x00000000daf12000)
 Metaspace       used 4327K, capacity 4756K, committed 4992K, reserved 1056768K
  class space    used 488K, capacity 542K, committed 640K, reserved 1048576K
Event: 10.133 GC heap after
Heap after GC invocations=14 (full 3):
 def new generation   total 64768K, used 0K [0x00000000bb400000, 0x00000000bfa40000, 0x00000000d22a0000)
  eden space 57600K,   0% used [0x00000000bb400000, 0x00000000bb400000, 0x00000000bec40000)
  from space 7168K,   0% used [0x00000000bec40000, 0x00000000bec40000, 0x00000000bf340000)
  to   space 7168K,   0% used [0x00000000bf340000, 0x00000000bf340000, 0x00000000bfa40000)
 tenured generation   total 143816K, used 64677K [0x00000000d22a0000, 0x00000000daf12000, 0x0000000100000000)
   the space 143816K,  44% used [0x00000000d22a0000, 0x00000000d61c9550, 0x00000000d61c9600, 0x00000000daf12000)
 Metaspace       used 4327K, capacity 4756K, committed 4992K, reserved 1056768K
  class space    used 488K, capacity 542K, committed 640K, reserved 1048576K
}
Event: 10.500 GC heap before
{Heap before GC invocations=14 (full 3):
 def new generation   total 64768K, used 57600K [0x00000000bb400000, 0x00000000bfa40000, 0x00000000d22a0000)
  eden space 57600K, 100% used [0x00000000bb400000, 0x00000000bec40000, 0x00000000bec40000)
  from space 7168K,   0% used [0x00000000bec40000, 0x00000000bec40000, 0x00000000bf340000)
  to   space 7168K,   0% used [0x00000000bf340000, 0x00000000bf340000, 0x00000000bfa40000)
 tenured generation   total 271820K, used 192677K [0x00000000d22a0000, 0x00000000e2c13000, 0x0000000100000000)
   the space 271820K,  70% used [0x00000000d22a0000, 0x00000000ddec9560, 0x00000000ddec9600, 0x00000000e2c13000)
 Metaspace       used 4327K, capacity 4756K, committed 4992K, reserved 1056768K
  class space    used 488K, capacity 542K, committed 640K, reserved 1048576K
Event: 10.501 GC heap after
Heap after GC invocations=15 (full 3):
 def new generation   total 64768K, used 0K [0x00000000bb400000, 0x00000000bfa40000, 0x00000000d22a0000)
  eden space 57600K,   0% used [0x00000000bb400000, 0x00000000bb400000, 0x00000000bec40000)
  from space 7168K,   0% used [0x00000000bf340000, 0x00000000bf340230, 0x00000000bfa40000)
  to   space 7168K,   0% used [0x00000000bec40000, 0x00000000bec40000, 0x00000000bf340000)
 tenured generation   total 271820K, used 192677K [0x00000000d22a0000, 0x00000000e2c13000, 0x0000000100000000)
   the space 271820K,  70% used [0x00000000d22a0000, 0x00000000ddec9560, 0x00000000ddec9600, 0x00000000e2c13000)
 Metaspace       used 4327K, capacity 4756K, committed 4992K, reserved 1056768K
  class space    used 488K, capacity 542K, committed 640K, reserved 1048576K
}
Event: 10.656 GC heap before
{Heap before GC invocations=15 (full 3):
 def new generation   total 64768K, used 18388K [0x00000000bb400000, 0x00000000bfa40000, 0x00000000d22a0000)
  eden space 57600K,  31% used [0x00000000bb400000, 0x00000000bc5f4de8, 0x00000000bec40000)
  from space 7168K,   0% used [0x00000000bf340000, 0x00000000bf340230, 0x00000000bfa40000)
  to   space 7168K,   0% used [0x00000000bec40000, 0x00000000bec40000, 0x00000000bf340000)
 tenured generation   total 271820K, used 192677K [0x00000000d22a0000, 0x00000000e2c13000, 0x0000000100000000)
   the space 271820K,  70% used [0x00000000d22a0000, 0x00000000ddec9560, 0x00000000ddec9600, 0x00000000e2c13000)
 Metaspace       used 4327K, capacity 4756K, committed 4992K, reserved 1056768K
  class space    used 488K, capacity 542K, committed 640K, reserved 1048576K
Event: 10.675 GC heap after
Heap after GC invocations=16 (full 4):
 def new generation   total 122368K, used 0K [0x00000000bb400000, 0x00000000c38c0000, 0x00000000d22a0000)
  eden space 108800K,   0% used [0x00000000bb400000, 0x00000000bb400000, 0x00000000c1e40000)
  from space 13568K,   0% used [0x00000000c1e40000, 0x00000000c1e40000, 0x00000000c2b80000)
  to   space 13568K,   0% used [0x00000000c2b80000, 0x00000000c2b80000, 0x00000000c38c0000)
 tenured generation   total 271820K, used 128649K [0x00000000d22a0000, 0x00000000e2c13000, 0x0000000100000000)
   the space 271820K,  47% used [0x00000000d22a0000, 0x00000000da042408, 0x00000000da042600, 0x00000000e2c13000)
 Metaspace       used 4327K, capacity 4756K, committed 4992K, reserved 1056768K
  class space    used 488K, capacity 542K, committed 640K, reserved 1048576K
}
Event: 10.842 GC heap before
{Heap before GC invocations=16 (full 4):
 def new generation   total 122368K, used 97180K [0x00000000bb400000, 0x00000000c38c0000, 0x00000000d22a0000)
  eden space 108800K,  89% used [0x00000000bb400000, 0x00000000c12e7380, 0x00000000c1e40000)
  from space 13568K,   0% used [0x00000000c1e40000, 0x00000000c1e40000, 0x00000000c2b80000)
  to   space 13568K,   0% used [0x00000000c2b80000, 0x00000000c2b80000, 0x00000000c38c0000)
 tenured generation   total 271820K, used 271164K [0x00000000d22a0000, 0x00000000e2c13000, 0x0000000100000000)
   the space 271820K,  99% used [0x00000000d22a0000, 0x00000000e2b6f2d8, 0x00000000e2b6f400, 0x00000000e2c13000)
 Metaspace       used 4327K, capacity 4756K, committed 4992K, reserved 1056768K
  class space    used 488K, capacity 542K, committed 640K, reserved 1048576K

Deoptimization events (5 events):
Event: 9.438 Thread 0x00007fa6cc00b000 Uncommon trap: reason=unstable_if action=reinterpret pc=0x00007fa6bd1ae520 method=sun.nio.cs.UTF_8$Decoder.decodeArrayLoop(Ljava/nio/ByteBuffer;Ljava/nio/CharBuffer;)Ljava/nio/charset/CoderResult; @ 184
Event: 10.582 Thread 0x00007fa6cc00b000 Uncommon trap: reason=unstable_if action=reinterpret pc=0x00007fa6bd1f6d68 method=java.io.BufferedInputStream.read([BII)I @ 56
Event: 10.594 Thread 0x00007fa6cc00b000 Uncommon trap: reason=unstable_if action=reinterpret pc=0x00007fa6bd1f9168 method=sun.nio.cs.StreamDecoder.implRead([CII)I @ 119
Event: 10.594 Thread 0x00007fa6cc00b000 Uncommon trap: reason=unstable_if action=reinterpret pc=0x00007fa6bd1b3710 method=java.io.BufferedReader.readLine(Z)Ljava/lang/String; @ 55
Event: 10.655 Thread 0x00007fa6cc00b000 Uncommon trap: reason=unstable_if action=reinterpret pc=0x00007fa6bd1e48e4 method=com.FileComparator.FileComparator.executeCommand(Ljava/lang/String;)Ljava/lang/String; @ 97

Internal exceptions (5 events):
Event: 0.198 Thread 0x00007fa6cc00b000 Exception <a 'java/lang/NoSuchMethodError': Method sun.misc.Unsafe.defineClass(Ljava/lang/String;[BII)Ljava/lang/Class; name or signature does not match> (0x00000000bb407cc0) thrown at [/HUDSON3/workspace/8-2-build-linux-amd64/jdk8u101/7261/hotspot/src/sh
Event: 0.198 Thread 0x00007fa6cc00b000 Exception <a 'java/lang/NoSuchMethodError': Method sun.misc.Unsafe.prefetchRead(Ljava/lang/Object;J)V name or signature does not match> (0x00000000bb407fa8) thrown at [/HUDSON3/workspace/8-2-build-linux-amd64/jdk8u101/7261/hotspot/src/share/vm/prims/jni.c
Event: 0.848 Thread 0x00007fa6cc00b000 Exception <a 'java/lang/NoSuchFieldError': method resolution failed> (0x00000000bb6f82c0) thrown at [/HUDSON3/workspace/8-2-build-linux-amd64/jdk8u101/7261/hotspot/src/share/vm/prims/methodHandles.cpp, line 1146]
Event: 0.857 Thread 0x00007fa6cc00b000 Exception <a 'java/lang/NoSuchFieldError': method resolution failed> (0x00000000bb706168) thrown at [/HUDSON3/workspace/8-2-build-linux-amd64/jdk8u101/7261/hotspot/src/share/vm/prims/methodHandles.cpp, line 1146]
Event: 10.620 Thread 0x00007fa6cc00b000 Implicit null exception at 0x00007fa6bd1e4434 to 0x00007fa6bd1e48c5

Events (10 events):
Event: 10.594 Thread 0x00007fa6cc00b000 DEOPT PACKING pc=0x00007fa6bd1b3710 sp=0x00007fa6d5c05780
Event: 10.594 Thread 0x00007fa6cc00b000 DEOPT UNPACKING pc=0x00007fa6bd004f69 sp=0x00007fa6d5c056f0 mode 2
Event: 10.655 Thread 0x00007fa6cc00b000 Uncommon trap: trap_request=0xffffff65 fr.pc=0x00007fa6bd1e48e4
Event: 10.655 Thread 0x00007fa6cc00b000 DEOPT PACKING pc=0x00007fa6bd1e48e4 sp=0x00007fa6d5c05820
Event: 10.655 Thread 0x00007fa6cc00b000 DEOPT UNPACKING pc=0x00007fa6bd004f69 sp=0x00007fa6d5c05858 mode 2
Event: 10.656 Executing VM operation: GenCollectForAllocation
Event: 10.675 Executing VM operation: GenCollectForAllocation done
Event: 10.744 Thread 0x00007fa6cc00b000 DEOPT PACKING pc=0x00007fa6bd10a5d2 sp=0x00007fa6d5c055b0
Event: 10.744 Thread 0x00007fa6cc00b000 DEOPT UNPACKING pc=0x00007fa6bd047373 sp=0x00007fa6d5c05328 mode 0
Event: 10.841 Executing VM operation: GenCollectForAllocation


Dynamic libraries:
00400000-00401000 r-xp 00000000 08:02 4720284                            /opt/java/jdk1.8.0_101/bin/java
00600000-00601000 rw-p 00000000 08:02 4720284                            /opt/java/jdk1.8.0_101/bin/java
016b2000-016d3000 rw-p 00000000 00:00 0                                  [heap]
bb400000-c38c0000 rw-p 00000000 00:00 0 
c38c0000-d22a0000 ---p 00000000 00:00 0 
d22a0000-e88dc000 rw-p 00000000 00:00 0 
f769e000-100000000 ---p 00000000 00:00 0 
100000000-1000a0000 rw-p 00000000 00:00 0 
1000a0000-140000000 ---p 00000000 00:00 0 
7fa6a0000000-7fa6a01e7000 rw-p 00000000 00:00 0 
7fa6a01e7000-7fa6a4000000 ---p 00000000 00:00 0 
7fa6a4000000-7fa6a42f8000 rw-p 00000000 00:00 0 
7fa6a42f8000-7fa6a8000000 ---p 00000000 00:00 0 
7fa6a8000000-7fa6a8021000 rw-p 00000000 00:00 0 
7fa6a8021000-7fa6ac000000 ---p 00000000 00:00 0 
7fa6ac000000-7fa6ac021000 rw-p 00000000 00:00 0 
7fa6ac021000-7fa6b0000000 ---p 00000000 00:00 0 
7fa6b0000000-7fa6b0021000 rw-p 00000000 00:00 0 
7fa6b0021000-7fa6b4000000 ---p 00000000 00:00 0 
7fa6b4000000-7fa6b4021000 rw-p 00000000 00:00 0 
7fa6b4021000-7fa6b8000000 ---p 00000000 00:00 0 
7fa6b8000000-7fa6b8021000 rw-p 00000000 00:00 0 
7fa6b8021000-7fa6bc000000 ---p 00000000 00:00 0 
7fa6bd000000-7fa6bd270000 rwxp 00000000 00:00 0 
7fa6bd270000-7fa6cc000000 ---p 00000000 00:00 0 
7fa6cc000000-7fa6cc1a5000 rw-p 00000000 00:00 0 
7fa6cc1a5000-7fa6d0000000 ---p 00000000 00:00 0 
7fa6d066a000-7fa6d08f1000 rw-p 00000000 00:00 0 
7fa6d08f1000-7fa6d08f4000 ---p 00000000 00:00 0 
7fa6d08f4000-7fa6d092a000 rw-p 00000000 00:00 0                          [stack:14345]
7fa6d092a000-7fa6d092b000 ---p 00000000 00:00 0 
7fa6d092b000-7fa6d0d2c000 rw-p 00000000 00:00 0                          [stack:14343]
7fa6d0d2c000-7fa6d0d42000 r-xp 00000000 08:02 4720131                    /opt/java/jdk1.8.0_101/jre/lib/amd64/libnet.so
7fa6d0d42000-7fa6d0f42000 ---p 00016000 08:02 4720131                    /opt/java/jdk1.8.0_101/jre/lib/amd64/libnet.so
7fa6d0f42000-7fa6d0f43000 rw-p 00016000 08:02 4720131                    /opt/java/jdk1.8.0_101/jre/lib/amd64/libnet.so
7fa6d0f43000-7fa6d0f46000 ---p 00000000 00:00 0 
7fa6d0f46000-7fa6d1044000 rw-p 00000000 00:00 0                          [stack:14342]
7fa6d1044000-7fa6d1047000 ---p 00000000 00:00 0 
7fa6d1047000-7fa6d1145000 rw-p 00000000 00:00 0                          [stack:14341]
7fa6d1145000-7fa6d1148000 ---p 00000000 00:00 0 
7fa6d1148000-7fa6d1246000 rw-p 00000000 00:00 0                          [stack:14340]
7fa6d1246000-7fa6d1249000 ---p 00000000 00:00 0 
7fa6d1249000-7fa6d1347000 rw-p 00000000 00:00 0                          [stack:14339]
7fa6d1347000-7fa6d135a000 r--s 00345000 08:02 4720165                    /opt/java/jdk1.8.0_101/jre/lib/resources.jar
7fa6d135a000-7fa6d136d000 r--s 000d6000 08:02 4719997                    /opt/java/jdk1.8.0_101/jre/lib/plugin.jar
7fa6d136d000-7fa6d1371000 r--s 00097000 08:02 4719941                    /opt/java/jdk1.8.0_101/jre/lib/jsse.jar
7fa6d1371000-7fa6d138c000 r--s 00208000 08:02 4719876                    /opt/java/jdk1.8.0_101/jre/lib/deploy.jar
7fa6d138c000-7fa6d138f000 ---p 00000000 00:00 0 
7fa6d138f000-7fa6d148d000 rw-p 00000000 00:00 0                          [stack:14334]
7fa6d148d000-7fa6d1616000 r--p 00000000 08:02 7343928                    /usr/lib/locale/locale-archive
7fa6d1616000-7fa6d1619000 ---p 00000000 00:00 0 
7fa6d1619000-7fa6d1717000 rw-p 00000000 00:00 0                          [stack:14332]
7fa6d1717000-7fa6d171a000 ---p 00000000 00:00 0 
7fa6d171a000-7fa6d1818000 rw-p 00000000 00:00 0                          [stack:14328]
7fa6d1818000-7fa6d1819000 ---p 00000000 00:00 0 
7fa6d1819000-7fa6d1968000 rw-p 00000000 00:00 0                          [stack:14326]
7fa6d1968000-7fa6d1b41000 r--s 03d29000 08:02 4719933                    /opt/java/jdk1.8.0_101/jre/lib/rt.jar
7fa6d1b41000-7fa6d1f81000 rw-p 00000000 00:00 0 
7fa6d1f81000-7fa6d2341000 ---p 00000000 00:00 0 
7fa6d2341000-7fa6d23f5000 rw-p 00000000 00:00 0 
7fa6d23f5000-7fa6d24b0000 ---p 00000000 00:00 0 
7fa6d24b0000-7fa6d24f3000 rw-p 00000000 00:00 0 
7fa6d24f3000-7fa6d2567000 ---p 00000000 00:00 0 
7fa6d2567000-7fa6d261b000 rw-p 00000000 00:00 0 
7fa6d261b000-7fa6d26d6000 ---p 00000000 00:00 0 
7fa6d26d6000-7fa6d26e1000 rw-p 00000000 00:00 0 
7fa6d26e1000-7fa6d2a97000 ---p 00000000 00:00 0 
7fa6d2a97000-7fa6d2ab1000 r-xp 00000000 08:02 4720120                    /opt/java/jdk1.8.0_101/jre/lib/amd64/libzip.so
7fa6d2ab1000-7fa6d2cb1000 ---p 0001a000 08:02 4720120                    /opt/java/jdk1.8.0_101/jre/lib/amd64/libzip.so
7fa6d2cb1000-7fa6d2cb2000 rw-p 0001a000 08:02 4720120                    /opt/java/jdk1.8.0_101/jre/lib/amd64/libzip.so
7fa6d2cb2000-7fa6d2cbd000 r-xp 00000000 08:02 1703962                    /lib/x86_64-linux-gnu/libnss_files-2.19.so
7fa6d2cbd000-7fa6d2ebc000 ---p 0000b000 08:02 1703962                    /lib/x86_64-linux-gnu/libnss_files-2.19.so
7fa6d2ebc000-7fa6d2ebd000 r--p 0000a000 08:02 1703962                    /lib/x86_64-linux-gnu/libnss_files-2.19.so
7fa6d2ebd000-7fa6d2ebe000 rw-p 0000b000 08:02 1703962                    /lib/x86_64-linux-gnu/libnss_files-2.19.so
7fa6d2ebe000-7fa6d2ec8000 r-xp 00000000 08:02 1703964                    /lib/x86_64-linux-gnu/libnss_nis-2.19.so
7fa6d2ec8000-7fa6d30c7000 ---p 0000a000 08:02 1703964                    /lib/x86_64-linux-gnu/libnss_nis-2.19.so
7fa6d30c7000-7fa6d30c8000 r--p 00009000 08:02 1703964                    /lib/x86_64-linux-gnu/libnss_nis-2.19.so
7fa6d30c8000-7fa6d30c9000 rw-p 0000a000 08:02 1703964                    /lib/x86_64-linux-gnu/libnss_nis-2.19.so
7fa6d30c9000-7fa6d30de000 r-xp 00000000 08:02 1703956                    /lib/x86_64-linux-gnu/libnsl-2.19.so
7fa6d30de000-7fa6d32dd000 ---p 00015000 08:02 1703956                    /lib/x86_64-linux-gnu/libnsl-2.19.so
7fa6d32dd000-7fa6d32de000 r--p 00014000 08:02 1703956                    /lib/x86_64-linux-gnu/libnsl-2.19.so
7fa6d32de000-7fa6d32df000 rw-p 00015000 08:02 1703956                    /lib/x86_64-linux-gnu/libnsl-2.19.so
7fa6d32df000-7fa6d32e1000 rw-p 00000000 00:00 0 
7fa6d32e1000-7fa6d32e8000 r-xp 00000000 08:02 1703958                    /lib/x86_64-linux-gnu/libnss_compat-2.19.so
7fa6d32e8000-7fa6d34e7000 ---p 00007000 08:02 1703958                    /lib/x86_64-linux-gnu/libnss_compat-2.19.so
7fa6d34e7000-7fa6d34e8000 r--p 00006000 08:02 1703958                    /lib/x86_64-linux-gnu/libnss_compat-2.19.so
7fa6d34e8000-7fa6d34e9000 rw-p 00007000 08:02 1703958                    /lib/x86_64-linux-gnu/libnss_compat-2.19.so
7fa6d34e9000-7fa6d34f3000 r-xp 00000000 08:02 4720129                    /opt/java/jdk1.8.0_101/jre/lib/amd64/libinstrument.so
7fa6d34f3000-7fa6d36f2000 ---p 0000a000 08:02 4720129                    /opt/java/jdk1.8.0_101/jre/lib/amd64/libinstrument.so
7fa6d36f2000-7fa6d36f3000 rw-p 00009000 08:02 4720129                    /opt/java/jdk1.8.0_101/jre/lib/amd64/libinstrument.so
7fa6d36f3000-7fa6d371d000 r-xp 00000000 08:02 4720104                    /opt/java/jdk1.8.0_101/jre/lib/amd64/libjava.so
7fa6d371d000-7fa6d391d000 ---p 0002a000 08:02 4720104                    /opt/java/jdk1.8.0_101/jre/lib/amd64/libjava.so
7fa6d391d000-7fa6d391f000 rw-p 0002a000 08:02 4720104                    /opt/java/jdk1.8.0_101/jre/lib/amd64/libjava.so
7fa6d391f000-7fa6d392c000 r-xp 00000000 08:02 4720118                    /opt/java/jdk1.8.0_101/jre/lib/amd64/libverify.so
7fa6d392c000-7fa6d3b2c000 ---p 0000d000 08:02 4720118                    /opt/java/jdk1.8.0_101/jre/lib/amd64/libverify.so
7fa6d3b2c000-7fa6d3b2e000 rw-p 0000d000 08:02 4720118                    /opt/java/jdk1.8.0_101/jre/lib/amd64/libverify.so
7fa6d3b2e000-7fa6d3b35000 r-xp 00000000 08:02 1703968                    /lib/x86_64-linux-gnu/librt-2.19.so
7fa6d3b35000-7fa6d3d34000 ---p 00007000 08:02 1703968                    /lib/x86_64-linux-gnu/librt-2.19.so
7fa6d3d34000-7fa6d3d35000 r--p 00006000 08:02 1703968                    /lib/x86_64-linux-gnu/librt-2.19.so
7fa6d3d35000-7fa6d3d36000 rw-p 00007000 08:02 1703968                    /lib/x86_64-linux-gnu/librt-2.19.so
7fa6d3d36000-7fa6d3e36000 r-xp 00000000 08:02 1703953                    /lib/x86_64-linux-gnu/libm-2.19.so
7fa6d3e36000-7fa6d4035000 ---p 00100000 08:02 1703953                    /lib/x86_64-linux-gnu/libm-2.19.so
7fa6d4035000-7fa6d4036000 r--p 000ff000 08:02 1703953                    /lib/x86_64-linux-gnu/libm-2.19.so
7fa6d4036000-7fa6d4037000 rw-p 00100000 08:02 1703953                    /lib/x86_64-linux-gnu/libm-2.19.so
7fa6d4037000-7fa6d4d02000 r-xp 00000000 08:02 4720154                    /opt/java/jdk1.8.0_101/jre/lib/amd64/server/libjvm.so
7fa6d4d02000-7fa6d4f01000 ---p 00ccb000 08:02 4720154                    /opt/java/jdk1.8.0_101/jre/lib/amd64/server/libjvm.so
7fa6d4f01000-7fa6d4fda000 rw-p 00cca000 08:02 4720154                    /opt/java/jdk1.8.0_101/jre/lib/amd64/server/libjvm.so
7fa6d4fda000-7fa6d5025000 rw-p 00000000 00:00 0 
7fa6d5025000-7fa6d51c6000 r-xp 00000000 08:02 1703947                    /lib/x86_64-linux-gnu/libc-2.19.so
7fa6d51c6000-7fa6d53c6000 ---p 001a1000 08:02 1703947                    /lib/x86_64-linux-gnu/libc-2.19.so
7fa6d53c6000-7fa6d53ca000 r--p 001a1000 08:02 1703947                    /lib/x86_64-linux-gnu/libc-2.19.so
7fa6d53ca000-7fa6d53cc000 rw-p 001a5000 08:02 1703947                    /lib/x86_64-linux-gnu/libc-2.19.so
7fa6d53cc000-7fa6d53d0000 rw-p 00000000 00:00 0 
7fa6d53d0000-7fa6d53d3000 r-xp 00000000 08:02 1703952                    /lib/x86_64-linux-gnu/libdl-2.19.so
7fa6d53d3000-7fa6d55d2000 ---p 00003000 08:02 1703952                    /lib/x86_64-linux-gnu/libdl-2.19.so
7fa6d55d2000-7fa6d55d3000 r--p 00002000 08:02 1703952                    /lib/x86_64-linux-gnu/libdl-2.19.so
7fa6d55d3000-7fa6d55d4000 rw-p 00003000 08:02 1703952                    /lib/x86_64-linux-gnu/libdl-2.19.so
7fa6d55d4000-7fa6d55e9000 r-xp 00000000 08:02 4719297                    /opt/java/jdk1.8.0_101/lib/amd64/jli/libjli.so
7fa6d55e9000-7fa6d57e9000 ---p 00015000 08:02 4719297                    /opt/java/jdk1.8.0_101/lib/amd64/jli/libjli.so
7fa6d57e9000-7fa6d57ea000 rw-p 00015000 08:02 4719297                    /opt/java/jdk1.8.0_101/lib/amd64/jli/libjli.so
7fa6d57ea000-7fa6d5802000 r-xp 00000000 08:02 1703943                    /lib/x86_64-linux-gnu/libpthread-2.19.so
7fa6d5802000-7fa6d5a01000 ---p 00018000 08:02 1703943                    /lib/x86_64-linux-gnu/libpthread-2.19.so
7fa6d5a01000-7fa6d5a02000 r--p 00017000 08:02 1703943                    /lib/x86_64-linux-gnu/libpthread-2.19.so
7fa6d5a02000-7fa6d5a03000 rw-p 00018000 08:02 1703943                    /lib/x86_64-linux-gnu/libpthread-2.19.so
7fa6d5a03000-7fa6d5a07000 rw-p 00000000 00:00 0 
7fa6d5a07000-7fa6d5a28000 r-xp 00000000 08:02 1703944                    /lib/x86_64-linux-gnu/ld-2.19.so
7fa6d5a28000-7fa6d5a29000 rw-p 00000000 00:00 0 
7fa6d5a29000-7fa6d5a2b000 r--s 0001a000 08:02 1845133                    /home/ba/idea-IC-172.4343.14/lib/idea_rt.jar
7fa6d5a2b000-7fa6d5a2d000 r--s 00007000 08:02 4720253                    /opt/java/jdk1.8.0_101/jre/lib/jfxswt.jar
7fa6d5a2d000-7fa6d5a32000 r--s 00084000 08:02 4720191                    /opt/java/jdk1.8.0_101/jre/lib/jfr.jar
7fa6d5a32000-7fa6d5a35000 r--s 0001a000 08:02 4719940                    /opt/java/jdk1.8.0_101/jre/lib/jce.jar
7fa6d5a35000-7fa6d5b06000 rw-p 00000000 00:00 0 
7fa6d5b06000-7fa6d5b09000 ---p 00000000 00:00 0 
7fa6d5b09000-7fa6d5c0b000 rw-p 00000000 00:00 0                          [stack:14324]
7fa6d5c0b000-7fa6d5c0c000 r--s 00000000 08:02 4720178                    /opt/java/jdk1.8.0_101/jre/lib/management-agent.jar
7fa6d5c0c000-7fa6d5c16000 r--s 0006c000 08:02 4720166                    /opt/java/jdk1.8.0_101/jre/lib/javaws.jar
7fa6d5c16000-7fa6d5c1b000 r--s 002f9000 08:02 4719939                    /opt/java/jdk1.8.0_101/jre/lib/charsets.jar
7fa6d5c1b000-7fa6d5c23000 rw-s 00000000 08:02 3933046                    /tmp/hsperfdata_ba/14323
7fa6d5c23000-7fa6d5c24000 rw-p 00000000 00:00 0 
7fa6d5c24000-7fa6d5c25000 ---p 00000000 00:00 0 
7fa6d5c25000-7fa6d5c27000 rw-p 00000000 00:00 0 
7fa6d5c27000-7fa6d5c28000 r--p 00020000 08:02 1703944                    /lib/x86_64-linux-gnu/ld-2.19.so
7fa6d5c28000-7fa6d5c29000 rw-p 00021000 08:02 1703944                    /lib/x86_64-linux-gnu/ld-2.19.so
7fa6d5c29000-7fa6d5c2a000 rw-p 00000000 00:00 0 
7ffe3fecf000-7ffe3fef1000 rw-p 00000000 00:00 0                          [stack]
7ffe3ff89000-7ffe3ff8b000 r-xp 00000000 00:00 0                          [vdso]
7ffe3ff8b000-7ffe3ff8d000 r--p 00000000 00:00 0                          [vvar]
ffffffffff600000-ffffffffff601000 r-xp 00000000 00:00 0                  [vsyscall]

VM Arguments:
jvm_args: -javaagent:/home/ba/idea-IC-172.4343.14/lib/idea_rt.jar=41325:/home/ba/idea-IC-172.4343.14/bin -Dfile.encoding=UTF-8 
java_command: com.FileComparator.FileComparator
java_class_path (initial): /opt/java/jdk1.8.0_101/jre/lib/charsets.jar:/opt/java/jdk1.8.0_101/jre/lib/deploy.jar:/opt/java/jdk1.8.0_101/jre/lib/ext/cldrdata.jar:/opt/java/jdk1.8.0_101/jre/lib/ext/dnsns.jar:/opt/java/jdk1.8.0_101/jre/lib/ext/jaccess.jar:/opt/java/jdk1.8.0_101/jre/lib/ext/jfxrt.jar:/opt/java/jdk1.8.0_101/jre/lib/ext/localedata.jar:/opt/java/jdk1.8.0_101/jre/lib/ext/nashorn.jar:/opt/java/jdk1.8.0_101/jre/lib/ext/sunec.jar:/opt/java/jdk1.8.0_101/jre/lib/ext/sunjce_provider.jar:/opt/java/jdk1.8.0_101/jre/lib/ext/sunpkcs11.jar:/opt/java/jdk1.8.0_101/jre/lib/ext/zipfs.jar:/opt/java/jdk1.8.0_101/jre/lib/javaws.jar:/opt/java/jdk1.8.0_101/jre/lib/jce.jar:/opt/java/jdk1.8.0_101/jre/lib/jfr.jar:/opt/java/jdk1.8.0_101/jre/lib/jfxswt.jar:/opt/java/jdk1.8.0_101/jre/lib/jsse.jar:/opt/java/jdk1.8.0_101/jre/lib/management-agent.jar:/opt/java/jdk1.8.0_101/jre/lib/plugin.jar:/opt/java/jdk1.8.0_101/jre/lib/resources.jar:/opt/java/jdk1.8.0_101/jre/lib/rt.jar:/home/ba/IdeaProjects/FileComparator/out/production/FileComparator:/home/ba/idea-IC-172.4343.14/lib/idea_rt.jar
Launcher Type: SUN_STANDARD

Environment Variables:
JAVA_HOME=/opt/java/jdk1.8.0_101
JRE_HOME=/opt/java/jdk1.8.0_101/jre
PATH=/home/ba/.rbenv/plugins/ruby-build/bin:/home/ba/.rbenv/shims:/home/ba/.rbenv/bin:/opt/java/jdk1.8.0_101/bin:/usr/local/bin:/usr/bin:/bin:/usr/local/games:/usr/games
USERNAME=ba
LD_LIBRARY_PATH=/home/ba/idea-IC-172.4343.14/bin:
SHELL=/bin/bash
DISPLAY=:0

Signal Handlers:
SIGSEGV: [libjvm.so+0xac4790], sa_mask[0]=11111111011111111101111111111110, sa_flags=SA_RESTART|SA_SIGINFO
SIGBUS: [libjvm.so+0xac4790], sa_mask[0]=11111111011111111101111111111110, sa_flags=SA_RESTART|SA_SIGINFO
SIGFPE: [libjvm.so+0x91f140], sa_mask[0]=11111111011111111101111111111110, sa_flags=SA_RESTART|SA_SIGINFO
SIGPIPE: [libjvm.so+0x91f140], sa_mask[0]=11111111011111111101111111111110, sa_flags=SA_RESTART|SA_SIGINFO
SIGXFSZ: [libjvm.so+0x91f140], sa_mask[0]=11111111011111111101111111111110, sa_flags=SA_RESTART|SA_SIGINFO
SIGILL: [libjvm.so+0x91f140], sa_mask[0]=11111111011111111101111111111110, sa_flags=SA_RESTART|SA_SIGINFO
SIGUSR1: SIG_DFL, sa_mask[0]=00000000000000000000000000000000, sa_flags=none
SIGUSR2: [libjvm.so+0x920770], sa_mask[0]=00100000000000000000000000000000, sa_flags=SA_RESTART|SA_SIGINFO
SIGHUP: [libjvm.so+0x921b70], sa_mask[0]=11111111011111111101111111111110, sa_flags=SA_RESTART|SA_SIGINFO
SIGINT: [libjvm.so+0x921b70], sa_mask[0]=11111111011111111101111111111110, sa_flags=SA_RESTART|SA_SIGINFO
SIGTERM: [libjvm.so+0x921b70], sa_mask[0]=11111111011111111101111111111110, sa_flags=SA_RESTART|SA_SIGINFO
SIGQUIT: [libjvm.so+0x921b70], sa_mask[0]=11111111011111111101111111111110, sa_flags=SA_RESTART|SA_SIGINFO


---------------  S Y S T E M  ---------------

OS:PRETTY_NAME="Debian GNU/Linux 8 (jessie)"
NAME="Debian GNU/Linux"
VERSION_ID="8"
VERSION="8 (jessie)"
ID=debian
HOME_URL="http://www.debian.org/"
SUPPORT_URL="http://www.debian.org/support"
BUG_REPORT_URL="https://bugs.debian.org/"

uname:Linux 3.16.0-4-amd64 #1 SMP Debian 3.16.43-2+deb8u2 (2017-06-26) x86_64
libc:glibc 2.19 NPTL 2.19 
rlimit: STACK 8192k, CORE 0k, NPROC 15762, NOFILE 65536, AS infinity
load average:2.24 1.94 1.49

/proc/meminfo:
MemTotal:        4504804 kB
MemFree:          144800 kB
MemAvailable:     119636 kB
Buffers:             848 kB
Cached:           107748 kB
SwapCached:         1256 kB
Active:          1932056 kB
Inactive:         445316 kB
Active(anon):    1878852 kB
Inactive(anon):   398568 kB
Active(file):      53204 kB
Inactive(file):    46748 kB
Unevictable:           0 kB
Mlocked:               0 kB
SwapTotal:          8188 kB
SwapFree:              0 kB
Dirty:              5340 kB
Writeback:             0 kB
AnonPages:       2267912 kB
Mapped:            26536 kB
Shmem:              8584 kB
Slab:              42068 kB
SReclaimable:      18656 kB
SUnreclaim:        23412 kB
KernelStack:        9136 kB
PageTables:        27940 kB
NFS_Unstable:          0 kB
Bounce:                0 kB
WritebackTmp:          0 kB
CommitLimit:     2260588 kB
Committed_AS:    5257888 kB
VmallocTotal:   34359738367 kB
VmallocUsed:       42288 kB
VmallocChunk:   34359693812 kB
HardwareCorrupted:     0 kB
AnonHugePages:         0 kB
HugePages_Total:       0
HugePages_Free:        0
HugePages_Rsvd:        0
HugePages_Surp:        0
Hugepagesize:       2048 kB
DirectMap4k:       59328 kB
DirectMap2M:     8067072 kB


CPU:total 1 (1 cores per cpu, 1 threads per core) family 6 model 94 stepping 3, cmov, cx8, fxsr, mmx, sse, sse2, sse3, ssse3, sse4.1, sse4.2, popcnt, avx, avx2, aes, clmul, erms, rtm, 3dnowpref, lzcnt, tsc, bmi1, bmi2, adx

/proc/cpuinfo:
processor	: 0
vendor_id	: GenuineIntel
cpu family	: 6
model		: 94
model name	: Intel(R) Core(TM) i5-6600 CPU @ 3.30GHz
stepping	: 3
microcode	: 0xffffffff
cpu MHz		: 3311.979
cache size	: 6144 KB
physical id	: 0
siblings	: 1
core id		: 0
cpu cores	: 1
apicid		: 0
initial apicid	: 0
fpu		: yes
fpu_exception	: yes
cpuid level	: 21
wp		: yes
flags		: fpu vme de pse tsc msr pae mce cx8 apic sep mtrr pge mca cmov pat pse36 clflush mmx fxsr sse sse2 ss syscall nx lm constant_tsc rep_good nopl eagerfpu pni pclmulqdq ssse3 fma cx16 sse4_1 sse4_2 movbe popcnt aes xsave avx f16c rdrand hypervisor lahf_lm abm 3dnowprefetch xsaveopt fsgsbase bmi1 hle avx2 smep bmi2 erms rtm rdseed adx smap
bogomips	: 6623.95
clflush size	: 64
cache_alignment	: 64
address sizes	: 39 bits physical, 48 bits virtual
power management:



Memory: 4k page, physical 4504804k(144800k free), swap 8188k(0k free)

vm_info: Java HotSpot(TM) 64-Bit Server VM (25.101-b13) for linux-amd64 JRE (1.8.0_101-b13), built on Jun 22 2016 02:59:44 by "java_re" with gcc 4.3.0 20080428 (Red Hat 4.3.0-8)

time: Tue Dec 26 13:48:46 2017
elapsed time: 11 seconds (0d 0h 0m 11s)

